<?xml version="1.0" encoding="UTF-8"?>
<testng-results ignored="0" total="3" passed="3" failed="0" skipped="0">
  <reporter-output>
  </reporter-output>
  <suite started-at="2022-10-18T08:05:21 IST" name="Suite" finished-at="2022-10-18T08:06:16 IST" duration-ms="54412">
    <groups>
    </groups>
    <test started-at="2022-10-18T08:05:21 IST" name="Test" finished-at="2022-10-18T08:06:16 IST" duration-ms="54412">
      <class name="scripts.Testcase3">
        <test-method is-config="true" signature="openApp()[pri:0, instance:scripts.Testcase3@37654521]" started-at="2022-10-18T08:05:21 IST" name="openApp" finished-at="2022-10-18T08:05:29 IST" duration-ms="8176" status="PASS">
          <reporter-output>
          </reporter-output>
        </test-method> <!-- openApp -->
        <test-method signature="tc3()[pri:0, instance:scripts.Testcase3@37654521]" started-at="2022-10-18T08:05:29 IST" name="tc3" finished-at="2022-10-18T08:05:44 IST" duration-ms="14847" status="PASS">
          <reporter-output>
          </reporter-output>
        </test-method> <!-- tc3 -->
        <test-method is-config="true" signature="closeApp()[pri:0, instance:scripts.Testcase3@37654521]" started-at="2022-10-18T08:05:44 IST" name="closeApp" finished-at="2022-10-18T08:05:44 IST" duration-ms="0" status="PASS">
          <reporter-output>
          </reporter-output>
        </test-method> <!-- closeApp -->
      </class> <!-- scripts.Testcase3 -->
      <class name="scripts.Testcase2">
        <test-method is-config="true" signature="openApp()[pri:0, instance:scripts.Testcase2@7205765b]" started-at="2022-10-18T08:05:44 IST" name="openApp" finished-at="2022-10-18T08:05:46 IST" duration-ms="2075" status="PASS">
          <reporter-output>
          </reporter-output>
        </test-method> <!-- openApp -->
        <test-method signature="tc2()[pri:0, instance:scripts.Testcase2@7205765b]" started-at="2022-10-18T08:05:46 IST" name="tc2" finished-at="2022-10-18T08:06:06 IST" duration-ms="20084" status="PASS">
          <reporter-output>
          </reporter-output>
        </test-method> <!-- tc2 -->
        <test-method is-config="true" signature="closeApp()[pri:0, instance:scripts.Testcase2@7205765b]" started-at="2022-10-18T08:06:06 IST" name="closeApp" finished-at="2022-10-18T08:06:06 IST" duration-ms="1" status="PASS">
          <reporter-output>
          </reporter-output>
        </test-method> <!-- closeApp -->
      </class> <!-- scripts.Testcase2 -->
      <class name="scripts.Testcase1">
        <test-method is-config="true" signature="openApp()[pri:0, instance:scripts.Testcase1@47987356]" started-at="2022-10-18T08:06:06 IST" name="openApp" finished-at="2022-10-18T08:06:09 IST" duration-ms="2980" status="PASS">
          <reporter-output>
          </reporter-output>
        </test-method> <!-- openApp -->
        <test-method signature="tc1()[pri:0, instance:scripts.Testcase1@47987356]" started-at="2022-10-18T08:06:09 IST" name="tc1" finished-at="2022-10-18T08:06:16 IST" duration-ms="6188" status="PASS">
          <reporter-output>
          </reporter-output>
        </test-method> <!-- tc1 -->
        <test-method is-config="true" signature="closeApp()[pri:0, instance:scripts.Testcase1@47987356]" started-at="2022-10-18T08:06:16 IST" name="closeApp" finished-at="2022-10-18T08:06:16 IST" duration-ms="0" status="PASS">
          <reporter-output>
          </reporter-output>
        </test-method> <!-- closeApp -->
      </class> <!-- scripts.Testcase1 -->
    </test> <!-- Test -->
  </suite> <!-- Suite -->
</testng-results>
